[2022-10-10 05:13:13] local.ERROR: Class "Fideloper\Proxy\TrustProxies" not found {"exception":"[object] (Error(code: 0): Class \"Fideloper\\Proxy\\TrustProxies\" not found at /Users/rickypranata/Desktop/laravelApp/shamo-backend-main/app/Http/Middleware/TrustProxies.php:8)
[stacktrace]
#0 /Users/rickypranata/Desktop/laravelApp/shamo-backend-main/vendor/composer/ClassLoader.php(571): include()
#1 /Users/rickypranata/Desktop/laravelApp/shamo-backend-main/vendor/composer/ClassLoader.php(428): Composer\\Autoload\\includeFile('/Users/rickypra...')
#2 [internal function]: Composer\\Autoload\\ClassLoader->loadClass('App\\\\Http\\\\Middle...')
#3 /Users/rickypranata/Desktop/laravelApp/shamo-backend-main/vendor/laravel/framework/src/Illuminate/Container/Container.php(875): ReflectionClass->__construct('App\\\\Http\\\\Middle...')
#4 /Users/rickypranata/Desktop/laravelApp/shamo-backend-main/vendor/laravel/framework/src/Illuminate/Container/Container.php(756): Illuminate\\Container\\Container->build('App\\\\Http\\\\Middle...')
#5 /Users/rickypranata/Desktop/laravelApp/shamo-backend-main/vendor/laravel/framework/src/Illuminate/Foundation/Application.php(860): Illuminate\\Container\\Container->resolve('App\\\\Http\\\\Middle...', Array, true)
#6 /Users/rickypranata/Desktop/laravelApp/shamo-backend-main/vendor/laravel/framework/src/Illuminate/Container/Container.php(692): Illuminate\\Foundation\\Application->resolve('App\\\\Http\\\\Middle...', Array)
#7 /Users/rickypranata/Desktop/laravelApp/shamo-backend-main/vendor/laravel/framework/src/Illuminate/Foundation/Application.php(845): Illuminate\\Container\\Container->make('App\\\\Http\\\\Middle...', Array)
#8 /Users/rickypranata/Desktop/laravelApp/shamo-backend-main/vendor/laravel/framework/src/Illuminate/Pipeline/Pipeline.php(169): Illuminate\\Foundation\\Application->make('App\\\\Http\\\\Middle...')
#9 /Users/rickypranata/Desktop/laravelApp/shamo-backend-main/vendor/laravel/framework/src/Illuminate/Pipeline/Pipeline.php(116): Illuminate\\Pipeline\\Pipeline->Illuminate\\Pipeline\\{closure}(Object(Illuminate\\Http\\Request))
#10 /Users/rickypranata/Desktop/laravelApp/shamo-backend-main/vendor/laravel/framework/src/Illuminate/Foundation/Http/Kernel.php(165): Illuminate\\Pipeline\\Pipeline->then(Object(Closure))
#11 /Users/rickypranata/Desktop/laravelApp/shamo-backend-main/vendor/laravel/framework/src/Illuminate/Foundation/Http/Kernel.php(134): Illuminate\\Foundation\\Http\\Kernel->sendRequestThroughRouter(Object(Illuminate\\Http\\Request))
#12 /Users/rickypranata/Desktop/laravelApp/shamo-backend-main/public/index.php(52): Illuminate\\Foundation\\Http\\Kernel->handle(Object(Illuminate\\Http\\Request))
#13 /Users/rickypranata/Desktop/laravelApp/shamo-backend-main/server.php(21): require_once('/Users/rickypra...')
#14 {main}
"} 
[2022-10-10 05:13:13] local.ERROR: Class "Fideloper\Proxy\TrustProxies" not found {"exception":"[object] (Error(code: 0): Class \"Fideloper\\Proxy\\TrustProxies\" not found at /Users/rickypranata/Desktop/laravelApp/shamo-backend-main/app/Http/Middleware/TrustProxies.php:8)
[stacktrace]
#0 /Users/rickypranata/Desktop/laravelApp/shamo-backend-main/vendor/composer/ClassLoader.php(571): include()
#1 /Users/rickypranata/Desktop/laravelApp/shamo-backend-main/vendor/composer/ClassLoader.php(428): Composer\\Autoload\\includeFile('/Users/rickypra...')
#2 [internal function]: Composer\\Autoload\\ClassLoader->loadClass('App\\\\Http\\\\Middle...')
#3 /Users/rickypranata/Desktop/laravelApp/shamo-backend-main/vendor/laravel/framework/src/Illuminate/Container/Container.php(875): ReflectionClass->__construct('App\\\\Http\\\\Middle...')
#4 /Users/rickypranata/Desktop/laravelApp/shamo-backend-main/vendor/laravel/framework/src/Illuminate/Container/Container.php(756): Illuminate\\Container\\Container->build('App\\\\Http\\\\Middle...')
#5 /Users/rickypranata/Desktop/laravelApp/shamo-backend-main/vendor/laravel/framework/src/Illuminate/Foundation/Application.php(860): Illuminate\\Container\\Container->resolve('App\\\\Http\\\\Middle...', Array, true)
#6 /Users/rickypranata/Desktop/laravelApp/shamo-backend-main/vendor/laravel/framework/src/Illuminate/Container/Container.php(692): Illuminate\\Foundation\\Application->resolve('App\\\\Http\\\\Middle...', Array)
#7 /Users/rickypranata/Desktop/laravelApp/shamo-backend-main/vendor/laravel/framework/src/Illuminate/Foundation/Application.php(845): Illuminate\\Container\\Container->make('App\\\\Http\\\\Middle...', Array)
#8 /Users/rickypranata/Desktop/laravelApp/shamo-backend-main/vendor/laravel/framework/src/Illuminate/Foundation/Http/Kernel.php(239): Illuminate\\Foundation\\Application->make('App\\\\Http\\\\Middle...')
#9 /Users/rickypranata/Desktop/laravelApp/shamo-backend-main/vendor/laravel/framework/src/Illuminate/Foundation/Http/Kernel.php(203): Illuminate\\Foundation\\Http\\Kernel->terminateMiddleware(Object(Illuminate\\Http\\Request), Object(Illuminate\\Http\\Response))
#10 /Users/rickypranata/Desktop/laravelApp/shamo-backend-main/public/index.php(55): Illuminate\\Foundation\\Http\\Kernel->terminate(Object(Illuminate\\Http\\Request), Object(Illuminate\\Http\\Response))
#11 /Users/rickypranata/Desktop/laravelApp/shamo-backend-main/server.php(21): require_once('/Users/rickypra...')
#12 {main}
"} 
[2022-10-10 05:13:52] local.ERROR: Class "Fideloper\Proxy\TrustProxies" not found {"exception":"[object] (Error(code: 0): Class \"Fideloper\\Proxy\\TrustProxies\" not found at /Users/rickypranata/Desktop/laravelApp/shamo-backend-main/app/Http/Middleware/TrustProxies.php:8)
[stacktrace]
#0 /Users/rickypranata/Desktop/laravelApp/shamo-backend-main/vendor/composer/ClassLoader.php(571): include()
#1 /Users/rickypranata/Desktop/laravelApp/shamo-backend-main/vendor/composer/ClassLoader.php(428): Composer\\Autoload\\includeFile('/Users/rickypra...')
#2 [internal function]: Composer\\Autoload\\ClassLoader->loadClass('App\\\\Http\\\\Middle...')
#3 /Users/rickypranata/Desktop/laravelApp/shamo-backend-main/vendor/laravel/framework/src/Illuminate/Container/Container.php(875): ReflectionClass->__construct('App\\\\Http\\\\Middle...')
#4 /Users/rickypranata/Desktop/laravelApp/shamo-backend-main/vendor/laravel/framework/src/Illuminate/Container/Container.php(756): Illuminate\\Container\\Container->build('App\\\\Http\\\\Middle...')
#5 /Users/rickypranata/Desktop/laravelApp/shamo-backend-main/vendor/laravel/framework/src/Illuminate/Foundation/Application.php(860): Illuminate\\Container\\Container->resolve('App\\\\Http\\\\Middle...', Array, true)
#6 /Users/rickypranata/Desktop/laravelApp/shamo-backend-main/vendor/laravel/framework/src/Illuminate/Container/Container.php(692): Illuminate\\Foundation\\Application->resolve('App\\\\Http\\\\Middle...', Array)
#7 /Users/rickypranata/Desktop/laravelApp/shamo-backend-main/vendor/laravel/framework/src/Illuminate/Foundation/Application.php(845): Illuminate\\Container\\Container->make('App\\\\Http\\\\Middle...', Array)
#8 /Users/rickypranata/Desktop/laravelApp/shamo-backend-main/vendor/laravel/framework/src/Illuminate/Pipeline/Pipeline.php(169): Illuminate\\Foundation\\Application->make('App\\\\Http\\\\Middle...')
#9 /Users/rickypranata/Desktop/laravelApp/shamo-backend-main/vendor/laravel/framework/src/Illuminate/Pipeline/Pipeline.php(116): Illuminate\\Pipeline\\Pipeline->Illuminate\\Pipeline\\{closure}(Object(Illuminate\\Http\\Request))
#10 /Users/rickypranata/Desktop/laravelApp/shamo-backend-main/vendor/laravel/framework/src/Illuminate/Foundation/Http/Kernel.php(165): Illuminate\\Pipeline\\Pipeline->then(Object(Closure))
#11 /Users/rickypranata/Desktop/laravelApp/shamo-backend-main/vendor/laravel/framework/src/Illuminate/Foundation/Http/Kernel.php(134): Illuminate\\Foundation\\Http\\Kernel->sendRequestThroughRouter(Object(Illuminate\\Http\\Request))
#12 /Users/rickypranata/Desktop/laravelApp/shamo-backend-main/public/index.php(52): Illuminate\\Foundation\\Http\\Kernel->handle(Object(Illuminate\\Http\\Request))
#13 /Users/rickypranata/Desktop/laravelApp/shamo-backend-main/server.php(21): require_once('/Users/rickypra...')
#14 {main}
"} 
[2022-10-10 05:13:52] local.ERROR: Class "Fideloper\Proxy\TrustProxies" not found {"exception":"[object] (Error(code: 0): Class \"Fideloper\\Proxy\\TrustProxies\" not found at /Users/rickypranata/Desktop/laravelApp/shamo-backend-main/app/Http/Middleware/TrustProxies.php:8)
[stacktrace]
#0 /Users/rickypranata/Desktop/laravelApp/shamo-backend-main/vendor/composer/ClassLoader.php(571): include()
#1 /Users/rickypranata/Desktop/laravelApp/shamo-backend-main/vendor/composer/ClassLoader.php(428): Composer\\Autoload\\includeFile('/Users/rickypra...')
#2 [internal function]: Composer\\Autoload\\ClassLoader->loadClass('App\\\\Http\\\\Middle...')
#3 /Users/rickypranata/Desktop/laravelApp/shamo-backend-main/vendor/laravel/framework/src/Illuminate/Container/Container.php(875): ReflectionClass->__construct('App\\\\Http\\\\Middle...')
#4 /Users/rickypranata/Desktop/laravelApp/shamo-backend-main/vendor/laravel/framework/src/Illuminate/Container/Container.php(756): Illuminate\\Container\\Container->build('App\\\\Http\\\\Middle...')
#5 /Users/rickypranata/Desktop/laravelApp/shamo-backend-main/vendor/laravel/framework/src/Illuminate/Foundation/Application.php(860): Illuminate\\Container\\Container->resolve('App\\\\Http\\\\Middle...', Array, true)
#6 /Users/rickypranata/Desktop/laravelApp/shamo-backend-main/vendor/laravel/framework/src/Illuminate/Container/Container.php(692): Illuminate\\Foundation\\Application->resolve('App\\\\Http\\\\Middle...', Array)
#7 /Users/rickypranata/Desktop/laravelApp/shamo-backend-main/vendor/laravel/framework/src/Illuminate/Foundation/Application.php(845): Illuminate\\Container\\Container->make('App\\\\Http\\\\Middle...', Array)
#8 /Users/rickypranata/Desktop/laravelApp/shamo-backend-main/vendor/laravel/framework/src/Illuminate/Foundation/Http/Kernel.php(239): Illuminate\\Foundation\\Application->make('App\\\\Http\\\\Middle...')
#9 /Users/rickypranata/Desktop/laravelApp/shamo-backend-main/vendor/laravel/framework/src/Illuminate/Foundation/Http/Kernel.php(203): Illuminate\\Foundation\\Http\\Kernel->terminateMiddleware(Object(Illuminate\\Http\\Request), Object(Illuminate\\Http\\Response))
#10 /Users/rickypranata/Desktop/laravelApp/shamo-backend-main/public/index.php(55): Illuminate\\Foundation\\Http\\Kernel->terminate(Object(Illuminate\\Http\\Request), Object(Illuminate\\Http\\Response))
#11 /Users/rickypranata/Desktop/laravelApp/shamo-backend-main/server.php(21): require_once('/Users/rickypra...')
#12 {main}
"} 
[2022-10-10 05:15:03] local.ERROR: Undefined constant Illuminate\Http\Request::HEADER_X_FORWARDED_ALL {"exception":"[object] (Error(code: 0): Undefined constant Illuminate\\Http\\Request::HEADER_X_FORWARDED_ALL at /Users/rickypranata/Desktop/laravelApp/shamo-backend-main/vendor/laravel/framework/src/Illuminate/Container/Container.php:915)
[stacktrace]
#0 /Users/rickypranata/Desktop/laravelApp/shamo-backend-main/vendor/laravel/framework/src/Illuminate/Container/Container.php(915): ReflectionClass->newInstanceArgs(Array)
#1 /Users/rickypranata/Desktop/laravelApp/shamo-backend-main/vendor/laravel/framework/src/Illuminate/Container/Container.php(756): Illuminate\\Container\\Container->build('App\\\\Http\\\\Middle...')
#2 /Users/rickypranata/Desktop/laravelApp/shamo-backend-main/vendor/laravel/framework/src/Illuminate/Foundation/Application.php(860): Illuminate\\Container\\Container->resolve('App\\\\Http\\\\Middle...', Array, true)
#3 /Users/rickypranata/Desktop/laravelApp/shamo-backend-main/vendor/laravel/framework/src/Illuminate/Container/Container.php(692): Illuminate\\Foundation\\Application->resolve('App\\\\Http\\\\Middle...', Array)
#4 /Users/rickypranata/Desktop/laravelApp/shamo-backend-main/vendor/laravel/framework/src/Illuminate/Foundation/Application.php(845): Illuminate\\Container\\Container->make('App\\\\Http\\\\Middle...', Array)
#5 /Users/rickypranata/Desktop/laravelApp/shamo-backend-main/vendor/laravel/framework/src/Illuminate/Pipeline/Pipeline.php(169): Illuminate\\Foundation\\Application->make('App\\\\Http\\\\Middle...')
#6 /Users/rickypranata/Desktop/laravelApp/shamo-backend-main/vendor/laravel/framework/src/Illuminate/Pipeline/Pipeline.php(116): Illuminate\\Pipeline\\Pipeline->Illuminate\\Pipeline\\{closure}(Object(Illuminate\\Http\\Request))
#7 /Users/rickypranata/Desktop/laravelApp/shamo-backend-main/vendor/laravel/framework/src/Illuminate/Foundation/Http/Kernel.php(165): Illuminate\\Pipeline\\Pipeline->then(Object(Closure))
#8 /Users/rickypranata/Desktop/laravelApp/shamo-backend-main/vendor/laravel/framework/src/Illuminate/Foundation/Http/Kernel.php(134): Illuminate\\Foundation\\Http\\Kernel->sendRequestThroughRouter(Object(Illuminate\\Http\\Request))
#9 /Users/rickypranata/Desktop/laravelApp/shamo-backend-main/public/index.php(52): Illuminate\\Foundation\\Http\\Kernel->handle(Object(Illuminate\\Http\\Request))
#10 /Users/rickypranata/Desktop/laravelApp/shamo-backend-main/server.php(21): require_once('/Users/rickypra...')
#11 {main}
"} 
[2022-10-10 05:15:03] local.ERROR: Undefined constant Illuminate\Http\Request::HEADER_X_FORWARDED_ALL {"exception":"[object] (Error(code: 0): Undefined constant Illuminate\\Http\\Request::HEADER_X_FORWARDED_ALL at /Users/rickypranata/Desktop/laravelApp/shamo-backend-main/vendor/laravel/framework/src/Illuminate/Container/Container.php:915)
[stacktrace]
#0 /Users/rickypranata/Desktop/laravelApp/shamo-backend-main/vendor/laravel/framework/src/Illuminate/Container/Container.php(915): ReflectionClass->newInstanceArgs(Array)
#1 /Users/rickypranata/Desktop/laravelApp/shamo-backend-main/vendor/laravel/framework/src/Illuminate/Container/Container.php(756): Illuminate\\Container\\Container->build('App\\\\Http\\\\Middle...')
#2 /Users/rickypranata/Desktop/laravelApp/shamo-backend-main/vendor/laravel/framework/src/Illuminate/Foundation/Application.php(860): Illuminate\\Container\\Container->resolve('App\\\\Http\\\\Middle...', Array, true)
#3 /Users/rickypranata/Desktop/laravelApp/shamo-backend-main/vendor/laravel/framework/src/Illuminate/Container/Container.php(692): Illuminate\\Foundation\\Application->resolve('App\\\\Http\\\\Middle...', Array)
#4 /Users/rickypranata/Desktop/laravelApp/shamo-backend-main/vendor/laravel/framework/src/Illuminate/Foundation/Application.php(845): Illuminate\\Container\\Container->make('App\\\\Http\\\\Middle...', Array)
#5 /Users/rickypranata/Desktop/laravelApp/shamo-backend-main/vendor/laravel/framework/src/Illuminate/Foundation/Http/Kernel.php(239): Illuminate\\Foundation\\Application->make('App\\\\Http\\\\Middle...')
#6 /Users/rickypranata/Desktop/laravelApp/shamo-backend-main/vendor/laravel/framework/src/Illuminate/Foundation/Http/Kernel.php(203): Illuminate\\Foundation\\Http\\Kernel->terminateMiddleware(Object(Illuminate\\Http\\Request), Object(Illuminate\\Http\\Response))
#7 /Users/rickypranata/Desktop/laravelApp/shamo-backend-main/public/index.php(55): Illuminate\\Foundation\\Http\\Kernel->terminate(Object(Illuminate\\Http\\Request), Object(Illuminate\\Http\\Response))
#8 /Users/rickypranata/Desktop/laravelApp/shamo-backend-main/server.php(21): require_once('/Users/rickypra...')
#9 {main}
"} 
[2022-10-10 05:17:14] local.ERROR: syntax error, unexpected token ";", expecting "function" or "const" {"exception":"[object] (ParseError(code: 0): syntax error, unexpected token \";\", expecting \"function\" or \"const\" at /Users/rickypranata/Desktop/laravelApp/shamo-backend-main/app/Http/Middleware/TrustProxies.php:27)
[stacktrace]
#0 /Users/rickypranata/Desktop/laravelApp/shamo-backend-main/vendor/composer/ClassLoader.php(428): Composer\\Autoload\\includeFile('/Users/rickypra...')
#1 [internal function]: Composer\\Autoload\\ClassLoader->loadClass('App\\\\Http\\\\Middle...')
#2 /Users/rickypranata/Desktop/laravelApp/shamo-backend-main/vendor/laravel/framework/src/Illuminate/Container/Container.php(875): ReflectionClass->__construct('App\\\\Http\\\\Middle...')
#3 /Users/rickypranata/Desktop/laravelApp/shamo-backend-main/vendor/laravel/framework/src/Illuminate/Container/Container.php(756): Illuminate\\Container\\Container->build('App\\\\Http\\\\Middle...')
#4 /Users/rickypranata/Desktop/laravelApp/shamo-backend-main/vendor/laravel/framework/src/Illuminate/Foundation/Application.php(860): Illuminate\\Container\\Container->resolve('App\\\\Http\\\\Middle...', Array, true)
#5 /Users/rickypranata/Desktop/laravelApp/shamo-backend-main/vendor/laravel/framework/src/Illuminate/Container/Container.php(692): Illuminate\\Foundation\\Application->resolve('App\\\\Http\\\\Middle...', Array)
#6 /Users/rickypranata/Desktop/laravelApp/shamo-backend-main/vendor/laravel/framework/src/Illuminate/Foundation/Application.php(845): Illuminate\\Container\\Container->make('App\\\\Http\\\\Middle...', Array)
#7 /Users/rickypranata/Desktop/laravelApp/shamo-backend-main/vendor/laravel/framework/src/Illuminate/Pipeline/Pipeline.php(169): Illuminate\\Foundation\\Application->make('App\\\\Http\\\\Middle...')
#8 /Users/rickypranata/Desktop/laravelApp/shamo-backend-main/vendor/laravel/framework/src/Illuminate/Pipeline/Pipeline.php(116): Illuminate\\Pipeline\\Pipeline->Illuminate\\Pipeline\\{closure}(Object(Illuminate\\Http\\Request))
#9 /Users/rickypranata/Desktop/laravelApp/shamo-backend-main/vendor/laravel/framework/src/Illuminate/Foundation/Http/Kernel.php(165): Illuminate\\Pipeline\\Pipeline->then(Object(Closure))
#10 /Users/rickypranata/Desktop/laravelApp/shamo-backend-main/vendor/laravel/framework/src/Illuminate/Foundation/Http/Kernel.php(134): Illuminate\\Foundation\\Http\\Kernel->sendRequestThroughRouter(Object(Illuminate\\Http\\Request))
#11 /Users/rickypranata/Desktop/laravelApp/shamo-backend-main/public/index.php(52): Illuminate\\Foundation\\Http\\Kernel->handle(Object(Illuminate\\Http\\Request))
#12 /Users/rickypranata/Desktop/laravelApp/shamo-backend-main/server.php(21): require_once('/Users/rickypra...')
#13 {main}
"} 
[2022-10-10 05:17:14] local.ERROR: syntax error, unexpected token ";", expecting "function" or "const" {"exception":"[object] (ParseError(code: 0): syntax error, unexpected token \";\", expecting \"function\" or \"const\" at /Users/rickypranata/Desktop/laravelApp/shamo-backend-main/app/Http/Middleware/TrustProxies.php:27)
[stacktrace]
#0 /Users/rickypranata/Desktop/laravelApp/shamo-backend-main/vendor/composer/ClassLoader.php(428): Composer\\Autoload\\includeFile('/Users/rickypra...')
#1 [internal function]: Composer\\Autoload\\ClassLoader->loadClass('App\\\\Http\\\\Middle...')
#2 /Users/rickypranata/Desktop/laravelApp/shamo-backend-main/vendor/laravel/framework/src/Illuminate/Container/Container.php(875): ReflectionClass->__construct('App\\\\Http\\\\Middle...')
#3 /Users/rickypranata/Desktop/laravelApp/shamo-backend-main/vendor/laravel/framework/src/Illuminate/Container/Container.php(756): Illuminate\\Container\\Container->build('App\\\\Http\\\\Middle...')
#4 /Users/rickypranata/Desktop/laravelApp/shamo-backend-main/vendor/laravel/framework/src/Illuminate/Foundation/Application.php(860): Illuminate\\Container\\Container->resolve('App\\\\Http\\\\Middle...', Array, true)
#5 /Users/rickypranata/Desktop/laravelApp/shamo-backend-main/vendor/laravel/framework/src/Illuminate/Container/Container.php(692): Illuminate\\Foundation\\Application->resolve('App\\\\Http\\\\Middle...', Array)
#6 /Users/rickypranata/Desktop/laravelApp/shamo-backend-main/vendor/laravel/framework/src/Illuminate/Foundation/Application.php(845): Illuminate\\Container\\Container->make('App\\\\Http\\\\Middle...', Array)
#7 /Users/rickypranata/Desktop/laravelApp/shamo-backend-main/vendor/laravel/framework/src/Illuminate/Foundation/Http/Kernel.php(239): Illuminate\\Foundation\\Application->make('App\\\\Http\\\\Middle...')
#8 /Users/rickypranata/Desktop/laravelApp/shamo-backend-main/vendor/laravel/framework/src/Illuminate/Foundation/Http/Kernel.php(203): Illuminate\\Foundation\\Http\\Kernel->terminateMiddleware(Object(Illuminate\\Http\\Request), Object(Illuminate\\Http\\Response))
#9 /Users/rickypranata/Desktop/laravelApp/shamo-backend-main/public/index.php(55): Illuminate\\Foundation\\Http\\Kernel->terminate(Object(Illuminate\\Http\\Request), Object(Illuminate\\Http\\Response))
#10 /Users/rickypranata/Desktop/laravelApp/shamo-backend-main/server.php(21): require_once('/Users/rickypra...')
#11 {main}
"} 
[2022-10-10 05:17:33] local.ERROR: syntax error, unexpected token ";", expecting "function" or "const" {"exception":"[object] (ParseError(code: 0): syntax error, unexpected token \";\", expecting \"function\" or \"const\" at /Users/rickypranata/Desktop/laravelApp/shamo-backend-main/app/Http/Middleware/TrustProxies.php:27)
[stacktrace]
#0 /Users/rickypranata/Desktop/laravelApp/shamo-backend-main/vendor/composer/ClassLoader.php(428): Composer\\Autoload\\includeFile('/Users/rickypra...')
#1 [internal function]: Composer\\Autoload\\ClassLoader->loadClass('App\\\\Http\\\\Middle...')
#2 /Users/rickypranata/Desktop/laravelApp/shamo-backend-main/vendor/laravel/framework/src/Illuminate/Container/Container.php(875): ReflectionClass->__construct('App\\\\Http\\\\Middle...')
#3 /Users/rickypranata/Desktop/laravelApp/shamo-backend-main/vendor/laravel/framework/src/Illuminate/Container/Container.php(756): Illuminate\\Container\\Container->build('App\\\\Http\\\\Middle...')
#4 /Users/rickypranata/Desktop/laravelApp/shamo-backend-main/vendor/laravel/framework/src/Illuminate/Foundation/Application.php(860): Illuminate\\Container\\Container->resolve('App\\\\Http\\\\Middle...', Array, true)
#5 /Users/rickypranata/Desktop/laravelApp/shamo-backend-main/vendor/laravel/framework/src/Illuminate/Container/Container.php(692): Illuminate\\Foundation\\Application->resolve('App\\\\Http\\\\Middle...', Array)
#6 /Users/rickypranata/Desktop/laravelApp/shamo-backend-main/vendor/laravel/framework/src/Illuminate/Foundation/Application.php(845): Illuminate\\Container\\Container->make('App\\\\Http\\\\Middle...', Array)
#7 /Users/rickypranata/Desktop/laravelApp/shamo-backend-main/vendor/laravel/framework/src/Illuminate/Pipeline/Pipeline.php(169): Illuminate\\Foundation\\Application->make('App\\\\Http\\\\Middle...')
#8 /Users/rickypranata/Desktop/laravelApp/shamo-backend-main/vendor/laravel/framework/src/Illuminate/Pipeline/Pipeline.php(116): Illuminate\\Pipeline\\Pipeline->Illuminate\\Pipeline\\{closure}(Object(Illuminate\\Http\\Request))
#9 /Users/rickypranata/Desktop/laravelApp/shamo-backend-main/vendor/laravel/framework/src/Illuminate/Foundation/Http/Kernel.php(165): Illuminate\\Pipeline\\Pipeline->then(Object(Closure))
#10 /Users/rickypranata/Desktop/laravelApp/shamo-backend-main/vendor/laravel/framework/src/Illuminate/Foundation/Http/Kernel.php(134): Illuminate\\Foundation\\Http\\Kernel->sendRequestThroughRouter(Object(Illuminate\\Http\\Request))
#11 /Users/rickypranata/Desktop/laravelApp/shamo-backend-main/public/index.php(52): Illuminate\\Foundation\\Http\\Kernel->handle(Object(Illuminate\\Http\\Request))
#12 /Users/rickypranata/Desktop/laravelApp/shamo-backend-main/server.php(21): require_once('/Users/rickypra...')
#13 {main}
"} 
[2022-10-10 05:17:34] local.ERROR: syntax error, unexpected token ";", expecting "function" or "const" {"exception":"[object] (ParseError(code: 0): syntax error, unexpected token \";\", expecting \"function\" or \"const\" at /Users/rickypranata/Desktop/laravelApp/shamo-backend-main/app/Http/Middleware/TrustProxies.php:27)
[stacktrace]
#0 /Users/rickypranata/Desktop/laravelApp/shamo-backend-main/vendor/composer/ClassLoader.php(428): Composer\\Autoload\\includeFile('/Users/rickypra...')
#1 [internal function]: Composer\\Autoload\\ClassLoader->loadClass('App\\\\Http\\\\Middle...')
#2 /Users/rickypranata/Desktop/laravelApp/shamo-backend-main/vendor/laravel/framework/src/Illuminate/Container/Container.php(875): ReflectionClass->__construct('App\\\\Http\\\\Middle...')
#3 /Users/rickypranata/Desktop/laravelApp/shamo-backend-main/vendor/laravel/framework/src/Illuminate/Container/Container.php(756): Illuminate\\Container\\Container->build('App\\\\Http\\\\Middle...')
#4 /Users/rickypranata/Desktop/laravelApp/shamo-backend-main/vendor/laravel/framework/src/Illuminate/Foundation/Application.php(860): Illuminate\\Container\\Container->resolve('App\\\\Http\\\\Middle...', Array, true)
#5 /Users/rickypranata/Desktop/laravelApp/shamo-backend-main/vendor/laravel/framework/src/Illuminate/Container/Container.php(692): Illuminate\\Foundation\\Application->resolve('App\\\\Http\\\\Middle...', Array)
#6 /Users/rickypranata/Desktop/laravelApp/shamo-backend-main/vendor/laravel/framework/src/Illuminate/Foundation/Application.php(845): Illuminate\\Container\\Container->make('App\\\\Http\\\\Middle...', Array)
#7 /Users/rickypranata/Desktop/laravelApp/shamo-backend-main/vendor/laravel/framework/src/Illuminate/Foundation/Http/Kernel.php(239): Illuminate\\Foundation\\Application->make('App\\\\Http\\\\Middle...')
#8 /Users/rickypranata/Desktop/laravelApp/shamo-backend-main/vendor/laravel/framework/src/Illuminate/Foundation/Http/Kernel.php(203): Illuminate\\Foundation\\Http\\Kernel->terminateMiddleware(Object(Illuminate\\Http\\Request), Object(Illuminate\\Http\\Response))
#9 /Users/rickypranata/Desktop/laravelApp/shamo-backend-main/public/index.php(55): Illuminate\\Foundation\\Http\\Kernel->terminate(Object(Illuminate\\Http\\Request), Object(Illuminate\\Http\\Response))
#10 /Users/rickypranata/Desktop/laravelApp/shamo-backend-main/server.php(21): require_once('/Users/rickypra...')
#11 {main}
"} 
[2022-10-10 05:18:01] local.ERROR: syntax error, unexpected token ";", expecting "function" or "const" {"exception":"[object] (ParseError(code: 0): syntax error, unexpected token \";\", expecting \"function\" or \"const\" at /Users/rickypranata/Desktop/laravelApp/shamo-backend-main/app/Http/Middleware/TrustProxies.php:27)
[stacktrace]
#0 /Users/rickypranata/Desktop/laravelApp/shamo-backend-main/vendor/composer/ClassLoader.php(428): Composer\\Autoload\\includeFile('/Users/rickypra...')
#1 [internal function]: Composer\\Autoload\\ClassLoader->loadClass('App\\\\Http\\\\Middle...')
#2 /Users/rickypranata/Desktop/laravelApp/shamo-backend-main/vendor/laravel/framework/src/Illuminate/Container/Container.php(875): ReflectionClass->__construct('App\\\\Http\\\\Middle...')
#3 /Users/rickypranata/Desktop/laravelApp/shamo-backend-main/vendor/laravel/framework/src/Illuminate/Container/Container.php(756): Illuminate\\Container\\Container->build('App\\\\Http\\\\Middle...')
#4 /Users/rickypranata/Desktop/laravelApp/shamo-backend-main/vendor/laravel/framework/src/Illuminate/Foundation/Application.php(860): Illuminate\\Container\\Container->resolve('App\\\\Http\\\\Middle...', Array, true)
#5 /Users/rickypranata/Desktop/laravelApp/shamo-backend-main/vendor/laravel/framework/src/Illuminate/Container/Container.php(692): Illuminate\\Foundation\\Application->resolve('App\\\\Http\\\\Middle...', Array)
#6 /Users/rickypranata/Desktop/laravelApp/shamo-backend-main/vendor/laravel/framework/src/Illuminate/Foundation/Application.php(845): Illuminate\\Container\\Container->make('App\\\\Http\\\\Middle...', Array)
#7 /Users/rickypranata/Desktop/laravelApp/shamo-backend-main/vendor/laravel/framework/src/Illuminate/Pipeline/Pipeline.php(169): Illuminate\\Foundation\\Application->make('App\\\\Http\\\\Middle...')
#8 /Users/rickypranata/Desktop/laravelApp/shamo-backend-main/vendor/laravel/framework/src/Illuminate/Pipeline/Pipeline.php(116): Illuminate\\Pipeline\\Pipeline->Illuminate\\Pipeline\\{closure}(Object(Illuminate\\Http\\Request))
#9 /Users/rickypranata/Desktop/laravelApp/shamo-backend-main/vendor/laravel/framework/src/Illuminate/Foundation/Http/Kernel.php(165): Illuminate\\Pipeline\\Pipeline->then(Object(Closure))
#10 /Users/rickypranata/Desktop/laravelApp/shamo-backend-main/vendor/laravel/framework/src/Illuminate/Foundation/Http/Kernel.php(134): Illuminate\\Foundation\\Http\\Kernel->sendRequestThroughRouter(Object(Illuminate\\Http\\Request))
#11 /Users/rickypranata/Desktop/laravelApp/shamo-backend-main/public/index.php(52): Illuminate\\Foundation\\Http\\Kernel->handle(Object(Illuminate\\Http\\Request))
#12 /Users/rickypranata/Desktop/laravelApp/shamo-backend-main/server.php(21): require_once('/Users/rickypra...')
#13 {main}
"} 
[2022-10-10 05:18:01] local.ERROR: syntax error, unexpected token ";", expecting "function" or "const" {"exception":"[object] (ParseError(code: 0): syntax error, unexpected token \";\", expecting \"function\" or \"const\" at /Users/rickypranata/Desktop/laravelApp/shamo-backend-main/app/Http/Middleware/TrustProxies.php:27)
[stacktrace]
#0 /Users/rickypranata/Desktop/laravelApp/shamo-backend-main/vendor/composer/ClassLoader.php(428): Composer\\Autoload\\includeFile('/Users/rickypra...')
#1 [internal function]: Composer\\Autoload\\ClassLoader->loadClass('App\\\\Http\\\\Middle...')
#2 /Users/rickypranata/Desktop/laravelApp/shamo-backend-main/vendor/laravel/framework/src/Illuminate/Container/Container.php(875): ReflectionClass->__construct('App\\\\Http\\\\Middle...')
#3 /Users/rickypranata/Desktop/laravelApp/shamo-backend-main/vendor/laravel/framework/src/Illuminate/Container/Container.php(756): Illuminate\\Container\\Container->build('App\\\\Http\\\\Middle...')
#4 /Users/rickypranata/Desktop/laravelApp/shamo-backend-main/vendor/laravel/framework/src/Illuminate/Foundation/Application.php(860): Illuminate\\Container\\Container->resolve('App\\\\Http\\\\Middle...', Array, true)
#5 /Users/rickypranata/Desktop/laravelApp/shamo-backend-main/vendor/laravel/framework/src/Illuminate/Container/Container.php(692): Illuminate\\Foundation\\Application->resolve('App\\\\Http\\\\Middle...', Array)
#6 /Users/rickypranata/Desktop/laravelApp/shamo-backend-main/vendor/laravel/framework/src/Illuminate/Foundation/Application.php(845): Illuminate\\Container\\Container->make('App\\\\Http\\\\Middle...', Array)
#7 /Users/rickypranata/Desktop/laravelApp/shamo-backend-main/vendor/laravel/framework/src/Illuminate/Foundation/Http/Kernel.php(239): Illuminate\\Foundation\\Application->make('App\\\\Http\\\\Middle...')
#8 /Users/rickypranata/Desktop/laravelApp/shamo-backend-main/vendor/laravel/framework/src/Illuminate/Foundation/Http/Kernel.php(203): Illuminate\\Foundation\\Http\\Kernel->terminateMiddleware(Object(Illuminate\\Http\\Request), Object(Illuminate\\Http\\Response))
#9 /Users/rickypranata/Desktop/laravelApp/shamo-backend-main/public/index.php(55): Illuminate\\Foundation\\Http\\Kernel->terminate(Object(Illuminate\\Http\\Request), Object(Illuminate\\Http\\Response))
#10 /Users/rickypranata/Desktop/laravelApp/shamo-backend-main/server.php(21): require_once('/Users/rickypra...')
#11 {main}
"} 
